2024-06-10 00:00:32.400 [pool-3-thread-1] INFO  com.rs.mv.mvvs.client.catalog.from.scan.CurrentPathScanner - [client:400205]scan file in current open file directory(D:/xampp/htdocs/csseventscheduler)
2024-06-10 00:02:20.783 [pool-3-thread-1] INFO  com.rs.mv.mvvs.client.catalog.from.scan.CurrentPathScanner - [client:400205]scan file in current open file directory(D:/xampp/htdocs/csseventscheduler)
2024-06-10 00:04:29.138 [pool-3-thread-1] INFO  com.rs.mv.mvvs.client.catalog.from.scan.CurrentPathScanner - [client:400205]scan file in current open file directory(D:/xampp/htdocs/csseventscheduler)
2024-06-10 00:04:43.046 [pool-3-thread-1] INFO  com.rs.mv.mvvs.client.catalog.from.scan.CurrentPathScanner - [client:400205]scan file in current open file directory(D:/xampp/htdocs/csseventscheduler)
2024-06-10 00:08:41.258 [pool-3-thread-1] INFO  com.rs.mv.mvvs.client.catalog.from.scan.CurrentPathScanner - [client:400205]scan file in current open file directory(D:/xampp/htdocs/csseventscheduler)
2024-06-10 00:09:00.437 [pool-3-thread-1] INFO  com.rs.mv.mvvs.client.catalog.from.scan.CurrentPathScanner - [client:400205]scan file in current open file directory(D:/xampp/htdocs/csseventscheduler)
2024-06-10 00:09:01.642 [pool-3-thread-1] INFO  com.rs.mv.mvvs.client.catalog.from.scan.CurrentPathScanner - [client:400205]scan file in current open file directory(D:/xampp/htdocs/csseventscheduler)
2024-06-10 00:09:02.043 [pool-3-thread-1] INFO  com.rs.mv.mvvs.client.catalog.from.scan.CurrentPathScanner - [client:400205]scan file in current open file directory(D:/xampp/htdocs/csseventscheduler)
2024-06-10 00:09:02.546 [pool-3-thread-1] INFO  com.rs.mv.mvvs.client.catalog.from.scan.CurrentPathScanner - [client:400205]scan file in current open file directory(D:/xampp/htdocs/csseventscheduler)
2024-06-10 00:09:03.873 [pool-3-thread-1] INFO  com.rs.mv.mvvs.client.catalog.from.scan.CurrentPathScanner - [client:400205]scan file in current open file directory(D:/xampp/htdocs/csseventscheduler)
2024-06-10 00:09:04.691 [pool-3-thread-1] INFO  com.rs.mv.mvvs.client.catalog.from.scan.CurrentPathScanner - [client:400205]scan file in current open file directory(D:/xampp/htdocs/csseventscheduler)
2024-06-10 00:10:50.926 [pool-3-thread-1] INFO  com.rs.mv.mvvs.client.catalog.from.scan.CurrentPathScanner - [client:400205]scan file in current open file directory(D:/xampp/htdocs/csseventscheduler)
2024-06-10 00:10:51.467 [pool-3-thread-1] INFO  com.rs.mv.mvvs.client.catalog.from.scan.CurrentPathScanner - [client:400205]scan file in current open file directory(D:/xampp/htdocs/csseventscheduler)
2024-06-10 00:22:58.377 [pool-3-thread-1] INFO  com.rs.mv.mvvs.client.catalog.from.scan.CurrentPathScanner - [client:400205]scan file in current open file directory(D:/xampp/htdocs/csseventscheduler)
2024-06-10 00:25:11.902 [pool-3-thread-1] INFO  com.rs.mv.mvvs.client.catalog.from.scan.CurrentPathScanner - [client:400205]scan file in current open file directory(D:/xampp/htdocs/csseventscheduler)
2024-06-10 00:25:33.232 [pool-3-thread-1] INFO  com.rs.mv.mvvs.client.catalog.from.scan.CurrentPathScanner - [client:400205]scan file in current open file directory(D:/xampp/htdocs/csseventscheduler)
2024-06-10 00:25:35.703 [pool-3-thread-1] INFO  com.rs.mv.mvvs.client.catalog.from.scan.CurrentPathScanner - [client:400205]scan file in current open file directory(D:/xampp/htdocs/csseventscheduler)
2024-06-10 00:25:37.102 [pool-3-thread-1] INFO  com.rs.mv.mvvs.client.catalog.from.scan.CurrentPathScanner - [client:400205]scan file in current open file directory(D:/xampp/htdocs/csseventscheduler)
2024-06-10 00:25:38.012 [pool-3-thread-1] INFO  com.rs.mv.mvvs.client.catalog.from.scan.CurrentPathScanner - [client:400205]scan file in current open file directory(D:/xampp/htdocs/csseventscheduler)
2024-06-10 00:25:39.777 [pool-3-thread-1] INFO  com.rs.mv.mvvs.client.catalog.from.scan.CurrentPathScanner - [client:400205]scan file in current open file directory(D:/xampp/htdocs/csseventscheduler)
2024-06-10 00:25:41.151 [pool-3-thread-1] INFO  com.rs.mv.mvvs.client.catalog.from.scan.CurrentPathScanner - [client:400205]scan file in current open file directory(D:/xampp/htdocs/csseventscheduler)
2024-06-10 00:27:42.690 [pool-3-thread-1] INFO  com.rs.mv.mvvs.client.catalog.from.scan.CurrentPathScanner - [client:400205]scan file in current open file directory(D:/xampp/htdocs/csseventscheduler)
2024-06-10 00:30:40.100 [pool-3-thread-1] INFO  com.rs.mv.mvvs.client.catalog.from.scan.CurrentPathScanner - [client:400205]scan file in current open file directory(D:/xampp/htdocs/csseventscheduler)
2024-06-10 00:30:40.794 [pool-3-thread-1] INFO  com.rs.mv.mvvs.client.catalog.from.scan.CurrentPathScanner - [client:400205]scan file in current open file directory(D:/xampp/htdocs/csseventscheduler)
2024-06-10 00:30:41.224 [pool-3-thread-1] INFO  com.rs.mv.mvvs.client.catalog.from.scan.CurrentPathScanner - [client:400205]scan file in current open file directory(D:/xampp/htdocs/csseventscheduler)
2024-06-10 00:31:12.763 [pool-3-thread-1] INFO  com.rs.mv.mvvs.client.catalog.from.scan.CurrentPathScanner - [client:400205]scan file in current open file directory(D:/xampp/htdocs/csseventscheduler)
2024-06-10 00:31:13.071 [pool-3-thread-1] INFO  com.rs.mv.mvvs.client.catalog.from.scan.CurrentPathScanner - [client:400205]scan file in current open file directory(D:/xampp/htdocs/csseventscheduler)
2024-06-10 00:32:21.581 [pool-3-thread-1] INFO  com.rs.mv.mvvs.client.catalog.from.scan.CurrentPathScanner - [client:400205]scan file in current open file directory(D:/xampp/htdocs/csseventscheduler)
2024-06-10 00:33:32.558 [pool-3-thread-1] INFO  com.rs.mv.mvvs.client.catalog.from.scan.CurrentPathScanner - [client:400205]scan file in current open file directory(D:/xampp/htdocs/csseventscheduler)
2024-06-10 00:34:41.695 [pool-3-thread-1] INFO  com.rs.mv.mvvs.client.catalog.from.scan.CurrentPathScanner - [client:400205]scan file in current open file directory(D:/xampp/htdocs/csseventscheduler)
2024-06-10 00:37:11.222 [pool-3-thread-1] INFO  com.rs.mv.mvvs.client.catalog.from.scan.CurrentPathScanner - [client:400205]scan file in current open file directory(D:/xampp/htdocs/csseventscheduler)
2024-06-10 00:37:11.731 [pool-3-thread-1] INFO  com.rs.mv.mvvs.client.catalog.from.scan.CurrentPathScanner - [client:400205]scan file in current open file directory(D:/xampp/htdocs/csseventscheduler)
2024-06-10 00:37:21.939 [pool-3-thread-1] INFO  com.rs.mv.mvvs.client.catalog.from.scan.CurrentPathScanner - [client:400205]scan file in current open file directory(D:/xampp/htdocs/csseventscheduler)
2024-06-10 00:37:45.683 [pool-3-thread-1] INFO  com.rs.mv.mvvs.client.catalog.from.scan.CurrentPathScanner - [client:400205]scan file in current open file directory(D:/xampp/htdocs/csseventscheduler)
2024-06-10 00:37:51.060 [pool-3-thread-1] INFO  com.rs.mv.mvvs.client.catalog.from.scan.CurrentPathScanner - [client:400205]scan file in current open file directory(D:/xampp/htdocs/csseventscheduler)
2024-06-10 00:37:57.322 [pool-3-thread-1] INFO  com.rs.mv.mvvs.client.catalog.from.scan.CurrentPathScanner - [client:400205]scan file in current open file directory(D:/xampp/htdocs/csseventscheduler)
2024-06-10 00:38:04.051 [pool-3-thread-1] INFO  com.rs.mv.mvvs.client.catalog.from.scan.CurrentPathScanner - [client:400205]scan file in current open file directory(D:/xampp/htdocs/csseventscheduler)
2024-06-10 00:38:05.277 [pool-3-thread-1] INFO  com.rs.mv.mvvs.client.catalog.from.scan.CurrentPathScanner - [client:400205]scan file in current open file directory(D:/xampp/htdocs/csseventscheduler)
2024-06-10 00:38:11.326 [pool-3-thread-1] INFO  com.rs.mv.mvvs.client.catalog.from.scan.CurrentPathScanner - [client:400205]scan file in current open file directory(D:/xampp/htdocs/csseventscheduler)
2024-06-10 00:38:15.358 [pool-3-thread-1] INFO  com.rs.mv.mvvs.client.catalog.from.scan.CurrentPathScanner - [client:400205]scan file in current open file directory(D:/xampp/htdocs/csseventscheduler)
2024-06-10 00:38:23.919 [pool-3-thread-1] INFO  com.rs.mv.mvvs.client.catalog.from.scan.CurrentPathScanner - [client:400205]scan file in current open file directory(D:/xampp/htdocs/csseventscheduler)
2024-06-10 00:38:57.238 [pool-3-thread-1] INFO  com.rs.mv.mvvs.client.catalog.from.scan.CurrentPathScanner - [client:400205]scan file in current open file directory(D:/xampp/htdocs/csseventscheduler)
2024-06-10 00:40:33.313 [pool-3-thread-1] INFO  com.rs.mv.mvvs.client.catalog.from.scan.CurrentPathScanner - [client:400205]scan file in current open file directory(D:/xampp/htdocs/csseventscheduler)
2024-06-10 00:40:35.150 [pool-3-thread-1] INFO  com.rs.mv.mvvs.client.catalog.from.scan.CurrentPathScanner - [client:400205]scan file in current open file directory(D:/xampp/htdocs/csseventscheduler)
2024-06-10 00:40:35.872 [pool-3-thread-1] INFO  com.rs.mv.mvvs.client.catalog.from.scan.CurrentPathScanner - [client:400205]scan file in current open file directory(D:/xampp/htdocs/csseventscheduler)
2024-06-10 00:40:36.283 [pool-3-thread-1] INFO  com.rs.mv.mvvs.client.catalog.from.scan.CurrentPathScanner - [client:400205]scan file in current open file directory(D:/xampp/htdocs/csseventscheduler)
2024-06-10 00:40:41.482 [pool-3-thread-1] INFO  com.rs.mv.mvvs.client.catalog.from.scan.CurrentPathScanner - [client:400205]scan file in current open file directory(D:/xampp/htdocs/csseventscheduler)
2024-06-10 00:41:35.151 [pool-3-thread-1] INFO  com.rs.mv.mvvs.client.catalog.from.scan.CurrentPathScanner - [client:400205]scan file in current open file directory(D:/xampp/htdocs/csseventscheduler)
2024-06-10 00:41:35.540 [pool-3-thread-1] INFO  com.rs.mv.mvvs.client.catalog.from.scan.CurrentPathScanner - [client:400205]scan file in current open file directory(D:/xampp/htdocs/csseventscheduler)
2024-06-10 00:41:36.077 [pool-3-thread-1] INFO  com.rs.mv.mvvs.client.catalog.from.scan.CurrentPathScanner - [client:400205]scan file in current open file directory(D:/xampp/htdocs/csseventscheduler)
2024-06-10 00:41:37.885 [pool-3-thread-1] INFO  com.rs.mv.mvvs.client.catalog.from.scan.CurrentPathScanner - [client:400205]scan file in current open file directory(D:/xampp/htdocs/csseventscheduler)
2024-06-10 00:41:40.366 [pool-3-thread-1] INFO  com.rs.mv.mvvs.client.catalog.from.scan.CurrentPathScanner - [client:400205]scan file in current open file directory(D:/xampp/htdocs/csseventscheduler)
2024-06-10 00:41:40.824 [pool-3-thread-1] INFO  com.rs.mv.mvvs.client.catalog.from.scan.CurrentPathScanner - [client:400205]scan file in current open file directory(D:/xampp/htdocs/csseventscheduler)
2024-06-10 00:44:43.154 [pool-3-thread-1] INFO  com.rs.mv.mvvs.client.catalog.from.scan.CurrentPathScanner - [client:400205]scan file in current open file directory(D:/xampp/htdocs/csseventscheduler)
2024-06-10 00:44:44.651 [pool-3-thread-1] INFO  com.rs.mv.mvvs.client.catalog.from.scan.CurrentPathScanner - [client:400205]scan file in current open file directory(D:/xampp/htdocs/csseventscheduler)
2024-06-10 00:44:45.069 [pool-3-thread-1] INFO  com.rs.mv.mvvs.client.catalog.from.scan.CurrentPathScanner - [client:400205]scan file in current open file directory(D:/xampp/htdocs/csseventscheduler)
2024-06-10 00:44:45.884 [pool-3-thread-1] INFO  com.rs.mv.mvvs.client.catalog.from.scan.CurrentPathScanner - [client:400205]scan file in current open file directory(D:/xampp/htdocs/csseventscheduler)
2024-06-10 00:44:46.923 [pool-3-thread-1] INFO  com.rs.mv.mvvs.client.catalog.from.scan.CurrentPathScanner - [client:400205]scan file in current open file directory(D:/xampp/htdocs/csseventscheduler)
2024-06-10 00:44:47.575 [pool-3-thread-1] INFO  com.rs.mv.mvvs.client.catalog.from.scan.CurrentPathScanner - [client:400205]scan file in current open file directory(D:/xampp/htdocs/csseventscheduler)
2024-06-10 00:44:48.090 [pool-3-thread-1] INFO  com.rs.mv.mvvs.client.catalog.from.scan.CurrentPathScanner - [client:400205]scan file in current open file directory(D:/xampp/htdocs/csseventscheduler)
2024-06-10 00:44:48.862 [pool-3-thread-1] INFO  com.rs.mv.mvvs.client.catalog.from.scan.CurrentPathScanner - [client:400205]scan file in current open file directory(D:/xampp/htdocs/csseventscheduler)
2024-06-10 00:44:49.899 [pool-3-thread-1] INFO  com.rs.mv.mvvs.client.catalog.from.scan.CurrentPathScanner - [client:400205]scan file in current open file directory(D:/xampp/htdocs/csseventscheduler)
2024-06-10 00:44:50.706 [pool-3-thread-1] INFO  com.rs.mv.mvvs.client.catalog.from.scan.CurrentPathScanner - [client:400205]scan file in current open file directory(D:/xampp/htdocs/csseventscheduler)
2024-06-10 00:44:51.169 [pool-3-thread-1] INFO  com.rs.mv.mvvs.client.catalog.from.scan.CurrentPathScanner - [client:400205]scan file in current open file directory(D:/xampp/htdocs/csseventscheduler)
2024-06-10 00:45:42.373 [pool-3-thread-1] INFO  com.rs.mv.mvvs.client.catalog.from.scan.CurrentPathScanner - [client:400205]scan file in current open file directory(D:/xampp/htdocs/csseventscheduler)
2024-06-10 00:53:20.517 [pool-3-thread-1] INFO  com.rs.mv.mvvs.client.catalog.from.scan.CurrentPathScanner - [client:400205]scan file in current open file directory(D:/xampp/htdocs/csseventscheduler)
2024-06-10 00:54:20.998 [pool-3-thread-1] INFO  com.rs.mv.mvvs.client.catalog.from.scan.CurrentPathScanner - [client:400205]scan file in current open file directory(D:/xampp/htdocs/csseventscheduler)
2024-06-10 00:54:21.401 [pool-3-thread-1] INFO  com.rs.mv.mvvs.client.catalog.from.scan.CurrentPathScanner - [client:400205]scan file in current open file directory(D:/xampp/htdocs/csseventscheduler)
2024-06-10 01:01:04.285 [main] WARN  com.rs.mv.mvvs.Startup - [LSP:100104]ROCKET MV BASIC EXTENSION exited
2024-06-10 01:01:10.638 [main] INFO  com.rs.mv.mvvs.Startup - [LSP:100101]ROCKET MV BASIC EXTENSION to start
2024-06-10 01:01:10.666 [main] INFO  com.rs.mv.mvvs.lsp.server.BasicLanguageServerLauncher - [LSP:100102]start pip server
2024-06-10 01:01:10.772 [main] INFO  com.rs.mv.mvvs.lsp.server.BasicLanguageServerLauncher - [LSP:100103]ROCKET MV BASIC EXTENSION start successful
2024-06-10 01:01:10.828 [pool-3-thread-1] INFO  com.rs.mv.mvvs.instance.workspace.WorkspaceManager - [workspace:200101]load all workspace folders start
2024-06-10 01:01:10.829 [pool-3-thread-1] INFO  com.rs.mv.mvvs.instance.workspace.WorkspaceManager - [workspace:20010201]root uri: file:///d%3A/xampp/htdocs/csseventscheduler
2024-06-10 01:01:10.829 [pool-3-thread-1] INFO  com.rs.mv.mvvs.instance.workspace.handler.FolderHandler - [workspace:200103]workspace contains workspace folder: file:///d%3A/xampp/htdocs/csseventscheduler
2024-06-10 01:01:10.846 [pool-3-thread-1] INFO  com.rs.mv.mvvs.instance.workspace.handler.FolderHandler - [workspace:200104]workspace folder will be cached: file:///d%3A/xampp/htdocs/csseventscheduler
2024-06-10 01:01:10.848 [pool-3-thread-1] INFO  com.rs.mv.mvvs.rmv.config.Config - [framework:30010101]config load start
2024-06-10 01:01:10.848 [pool-3-thread-1] INFO  com.rs.mv.mvvs.rmv.config.Config - [framework:30010102]project config path is : D:/xampp/htdocs/csseventscheduler/.rmv/config
2024-06-10 01:01:10.848 [pool-3-thread-1] INFO  com.rs.mv.mvvs.rmv.config.Config - [framework:30010103]resource config path is : /
2024-06-10 01:01:10.849 [pool-3-thread-1] INFO  com.rs.mv.mvvs.rmv.config.Config - [framework:30010104]user config path is : C:/Users/salag
2024-06-10 01:01:10.870 [pool-3-thread-1] INFO  com.rs.mv.mvvs.rmv.config.Config - [framework:30010105]config load end
2024-06-10 01:01:10.871 [pool-3-thread-1] INFO  com.rs.mv.mvvs.rmv.documentation.BasicDocumentation - [framework:30020101]documentation load start
2024-06-10 01:01:10.873 [pool-3-thread-1] INFO  com.rs.mv.mvvs.rmv.documentation.reader.SystemDocReader - [framework:30020102]system documentation path: /documentation/UNIVERSE/
2024-06-10 01:01:10.875 [pool-3-thread-1] INFO  com.rs.mv.mvvs.rmv.documentation.reader.ProjectDocReader - [framework:30020103]project documentation brief file: D:\xampp\htdocs\csseventscheduler\.rmv\documentation\UNIVERSE\custom.json
2024-06-10 01:01:10.876 [pool-3-thread-1] INFO  com.rs.mv.mvvs.rmv.documentation.reader.UserDocReader - [framework:30020104]user documentation brief file: C:\Users\salag\documentation\UNIVERSE\custom.json
2024-06-10 01:01:11.039 [pool-3-thread-1] INFO  com.rs.mv.mvvs.rmv.documentation.BasicDocumentation - [framework:30020105]documentation load end
2024-06-10 01:01:11.055 [pool-3-thread-1] INFO  com.rs.mv.mvvs.common.convertor.ConvertorManager - [framework:30030101]convertors for folder(D:/xampp/htdocs/csseventscheduler) load start
2024-06-10 01:01:11.077 [pool-3-thread-1] INFO  com.rs.mv.mvvs.common.convertor.ConvertorManager - [framework:30030102]comment convertor load finish
2024-06-10 01:01:11.291 [pool-3-thread-1] INFO  com.rs.mv.mvvs.common.convertor.ConvertorManager - [framework:30030103]keyword convertor load finish
2024-06-10 01:01:11.298 [pool-3-thread-1] INFO  com.rs.mv.mvvs.common.convertor.ConvertorManager - [framework:30030104]operator convertor load finish
2024-06-10 01:01:11.300 [pool-3-thread-1] INFO  com.rs.mv.mvvs.common.convertor.ConvertorManager - [framework:30030105]function name convertor load finish
2024-06-10 01:01:11.301 [pool-3-thread-1] INFO  com.rs.mv.mvvs.common.convertor.ConvertorManager - [framework:30030106]atVariable convertor load finish
2024-06-10 01:01:11.301 [pool-3-thread-1] INFO  com.rs.mv.mvvs.common.convertor.ConvertorManager - [framework:30030107]convertors for folder(D:/xampp/htdocs/csseventscheduler) load end
2024-06-10 01:01:11.304 [pool-3-thread-1] INFO  com.rs.mv.mvvs.rmv.config.CapabilityConfig - [framework:30010301]capabilities file(D:/xampp/htdocs/csseventscheduler/config/capability) doesn't exist or read error, default config will take effect
2024-06-10 01:01:11.305 [pool-3-thread-1] INFO  com.rs.mv.mvvs.instance.workspace.WorkspaceManager - [workspace:200105]load all workspace folders successful
2024-06-10 01:01:11.308 [pool-3-thread-1] INFO  com.rs.mv.mvvs.client.account.AccountManager - [client:40010101]load account manager start
2024-06-10 01:01:11.322 [pool-3-thread-1] INFO  com.rs.mv.mvvs.client.account.handler.CacheAccountHandler - [client:40010102]load cache account: 
2024-06-10 01:01:11.325 [pool-3-thread-1] INFO  com.rs.mv.mvvs.client.account.handler.ExternalAccountHandler - [client:40010103]load external account: 
2024-06-10 01:01:11.347 [pool-3-thread-1] INFO  com.rs.mv.mvvs.client.catalog.manager.U2CatalogManager - [client:400203]cache file auto update thread launch in csseventscheduler account
2024-06-10 01:01:11.357 [pool-3-thread-1] INFO  com.rs.mv.mvvs.client.catalog.from.config.DirsConfigReader - [client:400206]parse dir config information
2024-06-10 01:01:11.360 [pool-3-thread-1] INFO  com.rs.mv.mvvs.client.catalog.from.config.MappingConfigReader - [client:400207]parse mapping config information
2024-06-10 01:01:11.362 [pool-3-thread-1] INFO  com.rs.mv.mvvs.client.catalog.manager.U2CatalogManager - [client:400202]start a schedule task to get global/local catalog for csseventscheduler, its period 5s 
2024-06-10 01:01:11.377 [pool-3-thread-1] INFO  com.rs.mv.mvvs.client.account.handler.ServerAccountHandler - [client:40010104]load server account: Account{name=csseventscheduler, path=D:/xampp/htdocs/csseventscheduler, type=PREDICT}
2024-06-10 01:01:11.379 [pool-3-thread-1] INFO  com.rs.mv.mvvs.client.account.AccountManager - [client:40010105]load account manager finish
2024-06-10 01:01:11.382 [pool-3-thread-1] INFO  com.rs.mv.mvvs.instance.userspace.UserspaceManager - [framework:30010402]config file(C:\Users\salag/.rmv/config) watcher launch successful
2024-06-10 01:02:32.099 [pool-3-thread-1] INFO  com.rs.mv.mvvs.client.catalog.from.scan.CurrentPathScanner - [client:400205]scan file in current open file directory(D:/xampp/htdocs/csseventscheduler)
2024-06-10 01:03:19.531 [pool-3-thread-1] INFO  com.rs.mv.mvvs.client.catalog.from.scan.CurrentPathScanner - [client:400205]scan file in current open file directory(D:/xampp/htdocs/csseventscheduler)
2024-06-10 01:04:51.844 [pool-3-thread-1] INFO  com.rs.mv.mvvs.client.catalog.from.scan.CurrentPathScanner - [client:400205]scan file in current open file directory(D:/xampp/htdocs/csseventscheduler)
2024-06-10 01:05:14.974 [pool-3-thread-1] INFO  com.rs.mv.mvvs.client.catalog.from.scan.CurrentPathScanner - [client:400205]scan file in current open file directory(D:/xampp/htdocs/csseventscheduler)
2024-06-10 01:08:27.336 [pool-3-thread-1] INFO  com.rs.mv.mvvs.client.catalog.from.scan.CurrentPathScanner - [client:400205]scan file in current open file directory(D:/xampp/htdocs/csseventscheduler)
2024-06-10 01:08:33.819 [pool-3-thread-1] INFO  com.rs.mv.mvvs.client.catalog.from.scan.CurrentPathScanner - [client:400205]scan file in current open file directory(D:/xampp/htdocs/csseventscheduler)
2024-06-10 01:08:34.889 [pool-3-thread-1] INFO  com.rs.mv.mvvs.client.catalog.from.scan.CurrentPathScanner - [client:400205]scan file in current open file directory(D:/xampp/htdocs/csseventscheduler)
2024-06-10 01:09:41.754 [pool-3-thread-1] INFO  com.rs.mv.mvvs.client.catalog.from.scan.CurrentPathScanner - [client:400205]scan file in current open file directory(D:/xampp/htdocs/csseventscheduler)
2024-06-10 01:11:20.224 [pool-3-thread-1] INFO  com.rs.mv.mvvs.client.catalog.from.scan.CurrentPathScanner - [client:400205]scan file in current open file directory(D:/xampp/htdocs/csseventscheduler)
2024-06-10 01:11:22.389 [pool-3-thread-1] INFO  com.rs.mv.mvvs.client.catalog.from.scan.CurrentPathScanner - [client:400205]scan file in current open file directory(D:/xampp/htdocs/csseventscheduler)
2024-06-10 01:11:22.882 [pool-3-thread-1] INFO  com.rs.mv.mvvs.client.catalog.from.scan.CurrentPathScanner - [client:400205]scan file in current open file directory(D:/xampp/htdocs/csseventscheduler)
2024-06-10 01:11:23.535 [pool-3-thread-1] INFO  com.rs.mv.mvvs.client.catalog.from.scan.CurrentPathScanner - [client:400205]scan file in current open file directory(D:/xampp/htdocs/csseventscheduler)
2024-06-10 01:11:34.455 [pool-3-thread-1] INFO  com.rs.mv.mvvs.client.catalog.from.scan.CurrentPathScanner - [client:400205]scan file in current open file directory(D:/xampp/htdocs/csseventscheduler)
2024-06-10 01:12:16.201 [pool-3-thread-1] INFO  com.rs.mv.mvvs.client.catalog.from.scan.CurrentPathScanner - [client:400205]scan file in current open file directory(D:/xampp/htdocs/csseventscheduler)
2024-06-10 01:12:17.116 [pool-3-thread-1] INFO  com.rs.mv.mvvs.client.catalog.from.scan.CurrentPathScanner - [client:400205]scan file in current open file directory(D:/xampp/htdocs/csseventscheduler)
2024-06-10 01:12:19.630 [pool-3-thread-1] INFO  com.rs.mv.mvvs.client.catalog.from.scan.CurrentPathScanner - [client:400205]scan file in current open file directory(D:/xampp/htdocs/csseventscheduler)
2024-06-10 01:17:12.093 [pool-3-thread-1] INFO  com.rs.mv.mvvs.client.catalog.from.scan.CurrentPathScanner - [client:400205]scan file in current open file directory(D:/xampp/htdocs/csseventscheduler)
2024-06-10 01:17:12.446 [pool-3-thread-1] INFO  com.rs.mv.mvvs.client.catalog.from.scan.CurrentPathScanner - [client:400205]scan file in current open file directory(D:/xampp/htdocs/csseventscheduler)
2024-06-10 01:19:38.504 [main] WARN  com.rs.mv.mvvs.Startup - [LSP:100104]ROCKET MV BASIC EXTENSION exited
2024-06-10 08:33:57.722 [main] INFO  com.rs.mv.mvvs.Startup - [LSP:100101]ROCKET MV BASIC EXTENSION to start
2024-06-10 08:33:57.746 [main] INFO  com.rs.mv.mvvs.lsp.server.BasicLanguageServerLauncher - [LSP:100102]start pip server
2024-06-10 08:33:57.848 [main] INFO  com.rs.mv.mvvs.lsp.server.BasicLanguageServerLauncher - [LSP:100103]ROCKET MV BASIC EXTENSION start successful
2024-06-10 08:33:57.914 [pool-3-thread-1] INFO  com.rs.mv.mvvs.instance.workspace.WorkspaceManager - [workspace:200101]load all workspace folders start
2024-06-10 08:33:57.915 [pool-3-thread-1] INFO  com.rs.mv.mvvs.instance.workspace.WorkspaceManager - [workspace:20010201]root uri: file:///d%3A/xampp/htdocs/csseventscheduler
2024-06-10 08:33:57.916 [pool-3-thread-1] INFO  com.rs.mv.mvvs.instance.workspace.handler.FolderHandler - [workspace:200103]workspace contains workspace folder: file:///d%3A/xampp/htdocs/csseventscheduler
2024-06-10 08:33:57.931 [pool-3-thread-1] INFO  com.rs.mv.mvvs.instance.workspace.handler.FolderHandler - [workspace:200104]workspace folder will be cached: file:///d%3A/xampp/htdocs/csseventscheduler
2024-06-10 08:33:57.933 [pool-3-thread-1] INFO  com.rs.mv.mvvs.rmv.config.Config - [framework:30010101]config load start
2024-06-10 08:33:57.934 [pool-3-thread-1] INFO  com.rs.mv.mvvs.rmv.config.Config - [framework:30010102]project config path is : D:/xampp/htdocs/csseventscheduler/.rmv/config
2024-06-10 08:33:57.934 [pool-3-thread-1] INFO  com.rs.mv.mvvs.rmv.config.Config - [framework:30010103]resource config path is : /
2024-06-10 08:33:57.934 [pool-3-thread-1] INFO  com.rs.mv.mvvs.rmv.config.Config - [framework:30010104]user config path is : C:/Users/salag
2024-06-10 08:33:57.952 [pool-3-thread-1] INFO  com.rs.mv.mvvs.rmv.config.Config - [framework:30010105]config load end
2024-06-10 08:33:57.956 [pool-3-thread-1] INFO  com.rs.mv.mvvs.rmv.documentation.BasicDocumentation - [framework:30020101]documentation load start
2024-06-10 08:33:57.957 [pool-3-thread-1] INFO  com.rs.mv.mvvs.rmv.documentation.reader.SystemDocReader - [framework:30020102]system documentation path: /documentation/UNIVERSE/
2024-06-10 08:33:57.959 [pool-3-thread-1] INFO  com.rs.mv.mvvs.rmv.documentation.reader.ProjectDocReader - [framework:30020103]project documentation brief file: D:\xampp\htdocs\csseventscheduler\.rmv\documentation\UNIVERSE\custom.json
2024-06-10 08:33:57.961 [pool-3-thread-1] INFO  com.rs.mv.mvvs.rmv.documentation.reader.UserDocReader - [framework:30020104]user documentation brief file: C:\Users\salag\documentation\UNIVERSE\custom.json
2024-06-10 08:33:58.058 [pool-3-thread-1] INFO  com.rs.mv.mvvs.rmv.documentation.BasicDocumentation - [framework:30020105]documentation load end
2024-06-10 08:33:58.069 [pool-3-thread-1] INFO  com.rs.mv.mvvs.common.convertor.ConvertorManager - [framework:30030101]convertors for folder(D:/xampp/htdocs/csseventscheduler) load start
2024-06-10 08:33:58.075 [pool-3-thread-1] INFO  com.rs.mv.mvvs.common.convertor.ConvertorManager - [framework:30030102]comment convertor load finish
2024-06-10 08:33:58.255 [pool-3-thread-1] INFO  com.rs.mv.mvvs.common.convertor.ConvertorManager - [framework:30030103]keyword convertor load finish
2024-06-10 08:33:58.265 [pool-3-thread-1] INFO  com.rs.mv.mvvs.common.convertor.ConvertorManager - [framework:30030104]operator convertor load finish
2024-06-10 08:33:58.267 [pool-3-thread-1] INFO  com.rs.mv.mvvs.common.convertor.ConvertorManager - [framework:30030105]function name convertor load finish
2024-06-10 08:33:58.268 [pool-3-thread-1] INFO  com.rs.mv.mvvs.common.convertor.ConvertorManager - [framework:30030106]atVariable convertor load finish
2024-06-10 08:33:58.269 [pool-3-thread-1] INFO  com.rs.mv.mvvs.common.convertor.ConvertorManager - [framework:30030107]convertors for folder(D:/xampp/htdocs/csseventscheduler) load end
2024-06-10 08:33:58.274 [pool-3-thread-1] INFO  com.rs.mv.mvvs.rmv.config.CapabilityConfig - [framework:30010301]capabilities file(D:/xampp/htdocs/csseventscheduler/config/capability) doesn't exist or read error, default config will take effect
2024-06-10 08:33:58.275 [pool-3-thread-1] INFO  com.rs.mv.mvvs.instance.workspace.WorkspaceManager - [workspace:200105]load all workspace folders successful
2024-06-10 08:33:58.282 [pool-3-thread-1] INFO  com.rs.mv.mvvs.client.account.AccountManager - [client:40010101]load account manager start
2024-06-10 08:33:58.327 [pool-3-thread-1] INFO  com.rs.mv.mvvs.client.account.handler.CacheAccountHandler - [client:40010102]load cache account: 
2024-06-10 08:33:58.333 [pool-3-thread-1] INFO  com.rs.mv.mvvs.client.account.handler.ExternalAccountHandler - [client:40010103]load external account: 
2024-06-10 08:33:58.377 [pool-3-thread-1] INFO  com.rs.mv.mvvs.client.catalog.manager.U2CatalogManager - [client:400203]cache file auto update thread launch in csseventscheduler account
2024-06-10 08:33:58.391 [pool-3-thread-1] INFO  com.rs.mv.mvvs.client.catalog.from.config.DirsConfigReader - [client:400206]parse dir config information
2024-06-10 08:33:58.396 [pool-3-thread-1] INFO  com.rs.mv.mvvs.client.catalog.from.config.MappingConfigReader - [client:400207]parse mapping config information
2024-06-10 08:33:58.399 [pool-3-thread-1] INFO  com.rs.mv.mvvs.client.catalog.manager.U2CatalogManager - [client:400202]start a schedule task to get global/local catalog for csseventscheduler, its period 5s 
2024-06-10 08:33:58.415 [pool-3-thread-1] INFO  com.rs.mv.mvvs.client.account.handler.ServerAccountHandler - [client:40010104]load server account: Account{name=csseventscheduler, path=D:/xampp/htdocs/csseventscheduler, type=PREDICT}
2024-06-10 08:33:58.416 [pool-3-thread-1] INFO  com.rs.mv.mvvs.client.account.AccountManager - [client:40010105]load account manager finish
2024-06-10 08:33:58.419 [pool-3-thread-1] INFO  com.rs.mv.mvvs.instance.userspace.UserspaceManager - [framework:30010402]config file(C:\Users\salag/.rmv/config) watcher launch successful
2024-06-10 08:50:24.512 [main] WARN  com.rs.mv.mvvs.Startup - [LSP:100104]ROCKET MV BASIC EXTENSION exited
2024-06-10 08:50:29.188 [main] INFO  com.rs.mv.mvvs.Startup - [LSP:100101]ROCKET MV BASIC EXTENSION to start
2024-06-10 08:50:29.207 [main] INFO  com.rs.mv.mvvs.lsp.server.BasicLanguageServerLauncher - [LSP:100102]start pip server
2024-06-10 08:50:29.304 [main] INFO  com.rs.mv.mvvs.lsp.server.BasicLanguageServerLauncher - [LSP:100103]ROCKET MV BASIC EXTENSION start successful
2024-06-10 08:50:29.366 [pool-3-thread-1] INFO  com.rs.mv.mvvs.instance.workspace.WorkspaceManager - [workspace:200101]load all workspace folders start
2024-06-10 08:50:29.367 [pool-3-thread-1] INFO  com.rs.mv.mvvs.instance.workspace.WorkspaceManager - [workspace:20010201]root uri: file:///d%3A/xampp/htdocs/csseventscheduler
2024-06-10 08:50:29.368 [pool-3-thread-1] INFO  com.rs.mv.mvvs.instance.workspace.handler.FolderHandler - [workspace:200103]workspace contains workspace folder: file:///d%3A/xampp/htdocs/csseventscheduler
2024-06-10 08:50:29.387 [pool-3-thread-1] INFO  com.rs.mv.mvvs.instance.workspace.handler.FolderHandler - [workspace:200104]workspace folder will be cached: file:///d%3A/xampp/htdocs/csseventscheduler
2024-06-10 08:50:29.389 [pool-3-thread-1] INFO  com.rs.mv.mvvs.rmv.config.Config - [framework:30010101]config load start
2024-06-10 08:50:29.389 [pool-3-thread-1] INFO  com.rs.mv.mvvs.rmv.config.Config - [framework:30010102]project config path is : D:/xampp/htdocs/csseventscheduler/.rmv/config
2024-06-10 08:50:29.390 [pool-3-thread-1] INFO  com.rs.mv.mvvs.rmv.config.Config - [framework:30010103]resource config path is : /
2024-06-10 08:50:29.390 [pool-3-thread-1] INFO  com.rs.mv.mvvs.rmv.config.Config - [framework:30010104]user config path is : C:/Users/salag
2024-06-10 08:50:29.414 [pool-3-thread-1] INFO  com.rs.mv.mvvs.rmv.config.Config - [framework:30010105]config load end
2024-06-10 08:50:29.416 [pool-3-thread-1] INFO  com.rs.mv.mvvs.rmv.documentation.BasicDocumentation - [framework:30020101]documentation load start
2024-06-10 08:50:29.419 [pool-3-thread-1] INFO  com.rs.mv.mvvs.rmv.documentation.reader.SystemDocReader - [framework:30020102]system documentation path: /documentation/UNIVERSE/
2024-06-10 08:50:29.423 [pool-3-thread-1] INFO  com.rs.mv.mvvs.rmv.documentation.reader.ProjectDocReader - [framework:30020103]project documentation brief file: D:\xampp\htdocs\csseventscheduler\.rmv\documentation\UNIVERSE\custom.json
2024-06-10 08:50:29.424 [pool-3-thread-1] INFO  com.rs.mv.mvvs.rmv.documentation.reader.UserDocReader - [framework:30020104]user documentation brief file: C:\Users\salag\documentation\UNIVERSE\custom.json
2024-06-10 08:50:29.552 [pool-3-thread-1] INFO  com.rs.mv.mvvs.rmv.documentation.BasicDocumentation - [framework:30020105]documentation load end
2024-06-10 08:50:29.559 [pool-3-thread-1] INFO  com.rs.mv.mvvs.common.convertor.ConvertorManager - [framework:30030101]convertors for folder(D:/xampp/htdocs/csseventscheduler) load start
2024-06-10 08:50:29.566 [pool-3-thread-1] INFO  com.rs.mv.mvvs.common.convertor.ConvertorManager - [framework:30030102]comment convertor load finish
2024-06-10 08:50:29.700 [pool-3-thread-1] INFO  com.rs.mv.mvvs.common.convertor.ConvertorManager - [framework:30030103]keyword convertor load finish
2024-06-10 08:50:29.707 [pool-3-thread-1] INFO  com.rs.mv.mvvs.common.convertor.ConvertorManager - [framework:30030104]operator convertor load finish
2024-06-10 08:50:29.707 [pool-3-thread-1] INFO  com.rs.mv.mvvs.common.convertor.ConvertorManager - [framework:30030105]function name convertor load finish
2024-06-10 08:50:29.708 [pool-3-thread-1] INFO  com.rs.mv.mvvs.common.convertor.ConvertorManager - [framework:30030106]atVariable convertor load finish
2024-06-10 08:50:29.708 [pool-3-thread-1] INFO  com.rs.mv.mvvs.common.convertor.ConvertorManager - [framework:30030107]convertors for folder(D:/xampp/htdocs/csseventscheduler) load end
2024-06-10 08:50:29.711 [pool-3-thread-1] INFO  com.rs.mv.mvvs.rmv.config.CapabilityConfig - [framework:30010301]capabilities file(D:/xampp/htdocs/csseventscheduler/config/capability) doesn't exist or read error, default config will take effect
2024-06-10 08:50:29.711 [pool-3-thread-1] INFO  com.rs.mv.mvvs.instance.workspace.WorkspaceManager - [workspace:200105]load all workspace folders successful
2024-06-10 08:50:29.713 [pool-3-thread-1] INFO  com.rs.mv.mvvs.client.account.AccountManager - [client:40010101]load account manager start
2024-06-10 08:50:29.725 [pool-3-thread-1] INFO  com.rs.mv.mvvs.client.account.handler.CacheAccountHandler - [client:40010102]load cache account: 
2024-06-10 08:50:29.727 [pool-3-thread-1] INFO  com.rs.mv.mvvs.client.account.handler.ExternalAccountHandler - [client:40010103]load external account: 
2024-06-10 08:50:29.747 [pool-3-thread-1] INFO  com.rs.mv.mvvs.client.catalog.manager.U2CatalogManager - [client:400203]cache file auto update thread launch in csseventscheduler account
2024-06-10 08:50:29.754 [pool-3-thread-1] INFO  com.rs.mv.mvvs.client.catalog.from.config.DirsConfigReader - [client:400206]parse dir config information
2024-06-10 08:50:29.756 [pool-3-thread-1] INFO  com.rs.mv.mvvs.client.catalog.from.config.MappingConfigReader - [client:400207]parse mapping config information
2024-06-10 08:50:29.758 [pool-3-thread-1] INFO  com.rs.mv.mvvs.client.catalog.manager.U2CatalogManager - [client:400202]start a schedule task to get global/local catalog for csseventscheduler, its period 5s 
2024-06-10 08:50:29.769 [pool-3-thread-1] INFO  com.rs.mv.mvvs.client.account.handler.ServerAccountHandler - [client:40010104]load server account: Account{name=csseventscheduler, path=D:/xampp/htdocs/csseventscheduler, type=PREDICT}
2024-06-10 08:50:29.770 [pool-3-thread-1] INFO  com.rs.mv.mvvs.client.account.AccountManager - [client:40010105]load account manager finish
2024-06-10 08:50:29.771 [pool-3-thread-1] INFO  com.rs.mv.mvvs.instance.userspace.UserspaceManager - [framework:30010402]config file(C:\Users\salag/.rmv/config) watcher launch successful
2024-06-10 08:51:00.793 [main] WARN  com.rs.mv.mvvs.Startup - [LSP:100104]ROCKET MV BASIC EXTENSION exited
2024-06-10 11:21:16.581 [main] INFO  com.rs.mv.mvvs.Startup - [LSP:100101]ROCKET MV BASIC EXTENSION to start
2024-06-10 11:21:16.680 [main] INFO  com.rs.mv.mvvs.lsp.server.BasicLanguageServerLauncher - [LSP:100102]start pip server
2024-06-10 11:21:16.881 [main] INFO  com.rs.mv.mvvs.lsp.server.BasicLanguageServerLauncher - [LSP:100103]ROCKET MV BASIC EXTENSION start successful
2024-06-10 11:21:16.996 [pool-3-thread-1] INFO  com.rs.mv.mvvs.instance.workspace.WorkspaceManager - [workspace:200101]load all workspace folders start
2024-06-10 11:21:16.997 [pool-3-thread-1] INFO  com.rs.mv.mvvs.instance.workspace.WorkspaceManager - [workspace:20010201]root uri: file:///d%3A/xampp/htdocs/csseventscheduler
2024-06-10 11:21:16.999 [pool-3-thread-1] INFO  com.rs.mv.mvvs.instance.workspace.handler.FolderHandler - [workspace:200103]workspace contains workspace folder: file:///d%3A/xampp/htdocs/csseventscheduler
2024-06-10 11:21:17.032 [pool-3-thread-1] INFO  com.rs.mv.mvvs.instance.workspace.handler.FolderHandler - [workspace:200104]workspace folder will be cached: file:///d%3A/xampp/htdocs/csseventscheduler
2024-06-10 11:21:17.037 [pool-3-thread-1] INFO  com.rs.mv.mvvs.rmv.config.Config - [framework:30010101]config load start
2024-06-10 11:21:17.038 [pool-3-thread-1] INFO  com.rs.mv.mvvs.rmv.config.Config - [framework:30010102]project config path is : D:/xampp/htdocs/csseventscheduler/.rmv/config
2024-06-10 11:21:17.038 [pool-3-thread-1] INFO  com.rs.mv.mvvs.rmv.config.Config - [framework:30010103]resource config path is : /
2024-06-10 11:21:17.039 [pool-3-thread-1] INFO  com.rs.mv.mvvs.rmv.config.Config - [framework:30010104]user config path is : C:/Users/salag
2024-06-10 11:21:17.101 [pool-3-thread-1] INFO  com.rs.mv.mvvs.rmv.config.Config - [framework:30010105]config load end
2024-06-10 11:21:17.105 [pool-3-thread-1] INFO  com.rs.mv.mvvs.rmv.documentation.BasicDocumentation - [framework:30020101]documentation load start
2024-06-10 11:21:17.108 [pool-3-thread-1] INFO  com.rs.mv.mvvs.rmv.documentation.reader.SystemDocReader - [framework:30020102]system documentation path: /documentation/UNIVERSE/
2024-06-10 11:21:17.114 [pool-3-thread-1] INFO  com.rs.mv.mvvs.rmv.documentation.reader.ProjectDocReader - [framework:30020103]project documentation brief file: D:\xampp\htdocs\csseventscheduler\.rmv\documentation\UNIVERSE\custom.json
2024-06-10 11:21:17.116 [pool-3-thread-1] INFO  com.rs.mv.mvvs.rmv.documentation.reader.UserDocReader - [framework:30020104]user documentation brief file: C:\Users\salag\documentation\UNIVERSE\custom.json
2024-06-10 11:21:17.324 [pool-3-thread-1] INFO  com.rs.mv.mvvs.rmv.documentation.BasicDocumentation - [framework:30020105]documentation load end
2024-06-10 11:21:17.337 [pool-3-thread-1] INFO  com.rs.mv.mvvs.common.convertor.ConvertorManager - [framework:30030101]convertors for folder(D:/xampp/htdocs/csseventscheduler) load start
2024-06-10 11:21:17.356 [pool-3-thread-1] INFO  com.rs.mv.mvvs.common.convertor.ConvertorManager - [framework:30030102]comment convertor load finish
2024-06-10 11:21:17.597 [pool-3-thread-1] INFO  com.rs.mv.mvvs.common.convertor.ConvertorManager - [framework:30030103]keyword convertor load finish
2024-06-10 11:21:17.604 [pool-3-thread-1] INFO  com.rs.mv.mvvs.common.convertor.ConvertorManager - [framework:30030104]operator convertor load finish
2024-06-10 11:21:17.606 [pool-3-thread-1] INFO  com.rs.mv.mvvs.common.convertor.ConvertorManager - [framework:30030105]function name convertor load finish
2024-06-10 11:21:17.607 [pool-3-thread-1] INFO  com.rs.mv.mvvs.common.convertor.ConvertorManager - [framework:30030106]atVariable convertor load finish
2024-06-10 11:21:17.607 [pool-3-thread-1] INFO  com.rs.mv.mvvs.common.convertor.ConvertorManager - [framework:30030107]convertors for folder(D:/xampp/htdocs/csseventscheduler) load end
2024-06-10 11:21:17.610 [pool-3-thread-1] INFO  com.rs.mv.mvvs.rmv.config.CapabilityConfig - [framework:30010301]capabilities file(D:/xampp/htdocs/csseventscheduler/config/capability) doesn't exist or read error, default config will take effect
2024-06-10 11:21:17.612 [pool-3-thread-1] INFO  com.rs.mv.mvvs.instance.workspace.WorkspaceManager - [workspace:200105]load all workspace folders successful
2024-06-10 11:21:17.616 [pool-3-thread-1] INFO  com.rs.mv.mvvs.client.account.AccountManager - [client:40010101]load account manager start
2024-06-10 11:21:17.642 [pool-3-thread-1] INFO  com.rs.mv.mvvs.client.account.handler.CacheAccountHandler - [client:40010102]load cache account: 
2024-06-10 11:21:17.648 [pool-3-thread-1] INFO  com.rs.mv.mvvs.client.account.handler.ExternalAccountHandler - [client:40010103]load external account: 
2024-06-10 11:21:17.694 [pool-3-thread-1] INFO  com.rs.mv.mvvs.client.catalog.manager.U2CatalogManager - [client:400203]cache file auto update thread launch in csseventscheduler account
2024-06-10 11:21:17.710 [pool-3-thread-1] INFO  com.rs.mv.mvvs.client.catalog.from.config.DirsConfigReader - [client:400206]parse dir config information
2024-06-10 11:21:17.714 [pool-3-thread-1] INFO  com.rs.mv.mvvs.client.catalog.from.config.MappingConfigReader - [client:400207]parse mapping config information
2024-06-10 11:21:17.719 [pool-3-thread-1] INFO  com.rs.mv.mvvs.client.catalog.manager.U2CatalogManager - [client:400202]start a schedule task to get global/local catalog for csseventscheduler, its period 5s 
2024-06-10 11:21:17.738 [pool-3-thread-1] INFO  com.rs.mv.mvvs.client.account.handler.ServerAccountHandler - [client:40010104]load server account: Account{name=csseventscheduler, path=D:/xampp/htdocs/csseventscheduler, type=PREDICT}
2024-06-10 11:21:17.738 [pool-3-thread-1] INFO  com.rs.mv.mvvs.client.account.AccountManager - [client:40010105]load account manager finish
2024-06-10 11:21:17.740 [pool-3-thread-1] INFO  com.rs.mv.mvvs.instance.userspace.UserspaceManager - [framework:30010402]config file(C:\Users\salag/.rmv/config) watcher launch successful
2024-06-10 11:21:17.812 [pool-3-thread-1] INFO  com.rs.mv.mvvs.client.catalog.from.scan.CurrentPathScanner - [client:400205]scan file in current open file directory(D:/xampp/htdocs/csseventscheduler)
2024-06-10 11:21:31.589 [pool-3-thread-1] INFO  com.rs.mv.mvvs.client.catalog.from.scan.CurrentPathScanner - [client:400205]scan file in current open file directory(D:/xampp/htdocs/csseventscheduler)
2024-06-10 11:22:11.539 [pool-3-thread-1] INFO  com.rs.mv.mvvs.client.catalog.from.scan.CurrentPathScanner - [client:400205]scan file in current open file directory(D:/xampp/htdocs/csseventscheduler)
2024-06-10 11:23:16.602 [pool-3-thread-1] INFO  com.rs.mv.mvvs.client.catalog.from.scan.CurrentPathScanner - [client:400205]scan file in current open file directory(D:/xampp/htdocs/csseventscheduler)
2024-06-10 11:24:01.668 [pool-3-thread-1] INFO  com.rs.mv.mvvs.client.catalog.from.scan.CurrentPathScanner - [client:400205]scan file in current open file directory(D:/xampp/htdocs/csseventscheduler)
2024-06-10 11:24:51.977 [pool-3-thread-1] INFO  com.rs.mv.mvvs.client.catalog.from.scan.CurrentPathScanner - [client:400205]scan file in current open file directory(D:/xampp/htdocs/csseventscheduler)
2024-06-10 11:24:52.351 [pool-3-thread-1] INFO  com.rs.mv.mvvs.client.catalog.from.scan.CurrentPathScanner - [client:400205]scan file in current open file directory(D:/xampp/htdocs/csseventscheduler)
2024-06-10 11:25:14.088 [pool-3-thread-1] INFO  com.rs.mv.mvvs.client.catalog.from.scan.CurrentPathScanner - [client:400205]scan file in current open file directory(D:/xampp/htdocs/csseventscheduler)
2024-06-10 11:25:31.602 [pool-3-thread-1] INFO  com.rs.mv.mvvs.client.catalog.from.scan.CurrentPathScanner - [client:400205]scan file in current open file directory(D:/xampp/htdocs/csseventscheduler)
2024-06-10 11:25:37.218 [pool-3-thread-1] INFO  com.rs.mv.mvvs.client.catalog.from.scan.CurrentPathScanner - [client:400205]scan file in current open file directory(D:/xampp/htdocs/csseventscheduler)
2024-06-10 11:25:43.583 [pool-3-thread-1] INFO  com.rs.mv.mvvs.client.catalog.from.scan.CurrentPathScanner - [client:400205]scan file in current open file directory(D:/xampp/htdocs/csseventscheduler)
2024-06-10 11:25:43.971 [pool-3-thread-1] INFO  com.rs.mv.mvvs.client.catalog.from.scan.CurrentPathScanner - [client:400205]scan file in current open file directory(D:/xampp/htdocs/csseventscheduler)
2024-06-10 11:25:48.883 [pool-3-thread-1] INFO  com.rs.mv.mvvs.client.catalog.from.scan.CurrentPathScanner - [client:400205]scan file in current open file directory(D:/xampp/htdocs/csseventscheduler)
2024-06-10 11:25:52.666 [pool-3-thread-1] INFO  com.rs.mv.mvvs.client.catalog.from.scan.CurrentPathScanner - [client:400205]scan file in current open file directory(D:/xampp/htdocs/csseventscheduler)
2024-06-10 11:25:53.900 [pool-3-thread-1] INFO  com.rs.mv.mvvs.client.catalog.from.scan.CurrentPathScanner - [client:400205]scan file in current open file directory(D:/xampp/htdocs/csseventscheduler)
2024-06-10 11:26:19.291 [pool-3-thread-1] INFO  com.rs.mv.mvvs.client.catalog.from.scan.CurrentPathScanner - [client:400205]scan file in current open file directory(D:/xampp/htdocs/csseventscheduler)
2024-06-10 11:27:09.752 [pool-3-thread-1] INFO  com.rs.mv.mvvs.client.catalog.from.scan.CurrentPathScanner - [client:400205]scan file in current open file directory(D:/xampp/htdocs/csseventscheduler)
2024-06-10 11:27:29.590 [pool-3-thread-1] INFO  com.rs.mv.mvvs.client.catalog.from.scan.CurrentPathScanner - [client:400205]scan file in current open file directory(D:/xampp/htdocs/csseventscheduler)
2024-06-10 11:27:35.851 [pool-3-thread-1] INFO  com.rs.mv.mvvs.client.catalog.from.scan.CurrentPathScanner - [client:400205]scan file in current open file directory(D:/xampp/htdocs/csseventscheduler)
2024-06-10 11:27:51.703 [pool-3-thread-1] INFO  com.rs.mv.mvvs.client.catalog.from.scan.CurrentPathScanner - [client:400205]scan file in current open file directory(D:/xampp/htdocs/csseventscheduler)
2024-06-10 11:27:52.268 [pool-3-thread-1] INFO  com.rs.mv.mvvs.client.catalog.from.scan.CurrentPathScanner - [client:400205]scan file in current open file directory(D:/xampp/htdocs/csseventscheduler)
2024-06-10 11:27:52.933 [pool-3-thread-1] INFO  com.rs.mv.mvvs.client.catalog.from.scan.CurrentPathScanner - [client:400205]scan file in current open file directory(D:/xampp/htdocs/csseventscheduler)
2024-06-10 11:28:04.457 [pool-3-thread-1] INFO  com.rs.mv.mvvs.client.catalog.from.scan.CurrentPathScanner - [client:400205]scan file in current open file directory(D:/xampp/htdocs/csseventscheduler)
2024-06-10 11:28:07.180 [pool-3-thread-1] INFO  com.rs.mv.mvvs.client.catalog.from.scan.CurrentPathScanner - [client:400205]scan file in current open file directory(D:/xampp/htdocs/csseventscheduler)
2024-06-10 11:28:07.798 [pool-3-thread-1] INFO  com.rs.mv.mvvs.client.catalog.from.scan.CurrentPathScanner - [client:400205]scan file in current open file directory(D:/xampp/htdocs/csseventscheduler)
2024-06-10 11:28:08.265 [pool-3-thread-1] INFO  com.rs.mv.mvvs.client.catalog.from.scan.CurrentPathScanner - [client:400205]scan file in current open file directory(D:/xampp/htdocs/csseventscheduler)
2024-06-10 11:28:17.121 [pool-3-thread-1] INFO  com.rs.mv.mvvs.client.catalog.from.scan.CurrentPathScanner - [client:400205]scan file in current open file directory(D:/xampp/htdocs/csseventscheduler)
2024-06-10 11:31:31.040 [pool-3-thread-1] INFO  com.rs.mv.mvvs.client.catalog.from.scan.CurrentPathScanner - [client:400205]scan file in current open file directory(D:/xampp/htdocs/csseventscheduler)
2024-06-10 11:34:28.119 [pool-3-thread-1] INFO  com.rs.mv.mvvs.client.catalog.from.scan.CurrentPathScanner - [client:400205]scan file in current open file directory(D:/xampp/htdocs/csseventscheduler)
2024-06-10 11:35:30.176 [pool-3-thread-1] INFO  com.rs.mv.mvvs.client.catalog.from.scan.CurrentPathScanner - [client:400205]scan file in current open file directory(D:/xampp/htdocs/csseventscheduler)
2024-06-10 11:35:32.061 [pool-3-thread-1] INFO  com.rs.mv.mvvs.client.catalog.from.scan.CurrentPathScanner - [client:400205]scan file in current open file directory(D:/xampp/htdocs/csseventscheduler)
2024-06-10 11:35:33.148 [pool-3-thread-1] INFO  com.rs.mv.mvvs.client.catalog.from.scan.CurrentPathScanner - [client:400205]scan file in current open file directory(D:/xampp/htdocs/csseventscheduler)
2024-06-10 11:35:33.731 [pool-3-thread-1] INFO  com.rs.mv.mvvs.client.catalog.from.scan.CurrentPathScanner - [client:400205]scan file in current open file directory(D:/xampp/htdocs/csseventscheduler)
2024-06-10 11:35:35.879 [pool-3-thread-1] INFO  com.rs.mv.mvvs.client.catalog.from.scan.CurrentPathScanner - [client:400205]scan file in current open file directory(D:/xampp/htdocs/csseventscheduler)
2024-06-10 11:35:41.527 [pool-3-thread-1] INFO  com.rs.mv.mvvs.client.catalog.from.scan.CurrentPathScanner - [client:400205]scan file in current open file directory(D:/xampp/htdocs/csseventscheduler)
2024-06-10 11:37:05.712 [pool-3-thread-1] INFO  com.rs.mv.mvvs.client.catalog.from.scan.CurrentPathScanner - [client:400205]scan file in current open file directory(D:/xampp/htdocs/csseventscheduler)
2024-06-10 11:38:46.982 [pool-3-thread-1] INFO  com.rs.mv.mvvs.client.catalog.from.scan.CurrentPathScanner - [client:400205]scan file in current open file directory(D:/xampp/htdocs/csseventscheduler)
2024-06-10 11:41:36.930 [pool-3-thread-1] INFO  com.rs.mv.mvvs.client.catalog.from.scan.CurrentPathScanner - [client:400205]scan file in current open file directory(D:/xampp/htdocs/csseventscheduler)
2024-06-10 11:47:59.996 [pool-3-thread-1] INFO  com.rs.mv.mvvs.client.catalog.from.scan.CurrentPathScanner - [client:400205]scan file in current open file directory(D:/xampp/htdocs/csseventscheduler)
2024-06-10 11:48:01.491 [pool-3-thread-1] INFO  com.rs.mv.mvvs.client.catalog.from.scan.CurrentPathScanner - [client:400205]scan file in current open file directory(D:/xampp/htdocs/csseventscheduler)
2024-06-10 11:48:02.861 [pool-3-thread-1] INFO  com.rs.mv.mvvs.client.catalog.from.scan.CurrentPathScanner - [client:400205]scan file in current open file directory(D:/xampp/htdocs/csseventscheduler)
2024-06-10 11:48:03.378 [pool-3-thread-1] INFO  com.rs.mv.mvvs.client.catalog.from.scan.CurrentPathScanner - [client:400205]scan file in current open file directory(D:/xampp/htdocs/csseventscheduler)
2024-06-10 11:48:03.925 [pool-3-thread-1] INFO  com.rs.mv.mvvs.client.catalog.from.scan.CurrentPathScanner - [client:400205]scan file in current open file directory(D:/xampp/htdocs/csseventscheduler)
2024-06-10 11:48:13.125 [pool-3-thread-1] INFO  com.rs.mv.mvvs.client.catalog.from.scan.CurrentPathScanner - [client:400205]scan file in current open file directory(D:/xampp/htdocs/csseventscheduler)
2024-06-10 11:48:13.816 [pool-3-thread-1] INFO  com.rs.mv.mvvs.client.catalog.from.scan.CurrentPathScanner - [client:400205]scan file in current open file directory(D:/xampp/htdocs/csseventscheduler)
2024-06-10 11:53:36.156 [pool-3-thread-1] INFO  com.rs.mv.mvvs.client.catalog.from.scan.CurrentPathScanner - [client:400205]scan file in current open file directory(D:/xampp/htdocs/csseventscheduler)
2024-06-10 11:53:36.224 [pool-3-thread-1] INFO  com.rs.mv.mvvs.client.catalog.from.scan.CurrentPathScanner - [client:400205]scan file in current open file directory(D:/xampp/htdocs/csseventscheduler)
2024-06-10 11:55:13.317 [pool-3-thread-1] INFO  com.rs.mv.mvvs.client.catalog.from.scan.CurrentPathScanner - [client:400205]scan file in current open file directory(D:/xampp/htdocs/csseventscheduler)
2024-06-10 11:55:58.646 [pool-3-thread-1] INFO  com.rs.mv.mvvs.client.catalog.from.scan.CurrentPathScanner - [client:400205]scan file in current open file directory(D:/xampp/htdocs/csseventscheduler)
2024-06-10 11:56:00.003 [pool-3-thread-1] INFO  com.rs.mv.mvvs.client.catalog.from.scan.CurrentPathScanner - [client:400205]scan file in current open file directory(D:/xampp/htdocs/csseventscheduler)
2024-06-10 11:56:01.327 [pool-3-thread-1] INFO  com.rs.mv.mvvs.client.catalog.from.scan.CurrentPathScanner - [client:400205]scan file in current open file directory(D:/xampp/htdocs/csseventscheduler)
2024-06-10 11:56:02.701 [pool-3-thread-1] INFO  com.rs.mv.mvvs.client.catalog.from.scan.CurrentPathScanner - [client:400205]scan file in current open file directory(D:/xampp/htdocs/csseventscheduler)
2024-06-10 11:56:03.618 [pool-3-thread-1] INFO  com.rs.mv.mvvs.client.catalog.from.scan.CurrentPathScanner - [client:400205]scan file in current open file directory(D:/xampp/htdocs/csseventscheduler)
2024-06-10 11:56:12.206 [pool-3-thread-1] INFO  com.rs.mv.mvvs.client.catalog.from.scan.CurrentPathScanner - [client:400205]scan file in current open file directory(D:/xampp/htdocs/csseventscheduler)
2024-06-10 11:56:49.632 [pool-3-thread-1] INFO  com.rs.mv.mvvs.client.catalog.from.scan.CurrentPathScanner - [client:400205]scan file in current open file directory(D:/xampp/htdocs/csseventscheduler)
2024-06-10 11:56:50.156 [pool-3-thread-1] INFO  com.rs.mv.mvvs.client.catalog.from.scan.CurrentPathScanner - [client:400205]scan file in current open file directory(D:/xampp/htdocs/csseventscheduler)
2024-06-10 11:56:50.757 [pool-3-thread-1] INFO  com.rs.mv.mvvs.client.catalog.from.scan.CurrentPathScanner - [client:400205]scan file in current open file directory(D:/xampp/htdocs/csseventscheduler)
2024-06-10 11:56:54.099 [pool-3-thread-1] INFO  com.rs.mv.mvvs.client.catalog.from.scan.CurrentPathScanner - [client:400205]scan file in current open file directory(D:/xampp/htdocs/csseventscheduler)
2024-06-10 11:56:54.912 [pool-3-thread-1] INFO  com.rs.mv.mvvs.client.catalog.from.scan.CurrentPathScanner - [client:400205]scan file in current open file directory(D:/xampp/htdocs/csseventscheduler)
2024-06-10 11:56:55.854 [pool-3-thread-1] INFO  com.rs.mv.mvvs.client.catalog.from.scan.CurrentPathScanner - [client:400205]scan file in current open file directory(D:/xampp/htdocs/csseventscheduler)
2024-06-10 11:57:03.358 [pool-3-thread-1] INFO  com.rs.mv.mvvs.client.catalog.from.scan.CurrentPathScanner - [client:400205]scan file in current open file directory(D:/xampp/htdocs/csseventscheduler)
2024-06-10 11:57:07.223 [pool-3-thread-1] INFO  com.rs.mv.mvvs.client.catalog.from.scan.CurrentPathScanner - [client:400205]scan file in current open file directory(D:/xampp/htdocs/csseventscheduler)
2024-06-10 11:58:20.696 [pool-3-thread-1] INFO  com.rs.mv.mvvs.client.catalog.from.scan.CurrentPathScanner - [client:400205]scan file in current open file directory(D:/xampp/htdocs/csseventscheduler)
2024-06-10 11:58:21.482 [pool-3-thread-1] INFO  com.rs.mv.mvvs.client.catalog.from.scan.CurrentPathScanner - [client:400205]scan file in current open file directory(D:/xampp/htdocs/csseventscheduler)
2024-06-10 12:02:34.361 [pool-3-thread-1] INFO  com.rs.mv.mvvs.client.catalog.from.scan.CurrentPathScanner - [client:400205]scan file in current open file directory(D:/xampp/htdocs/csseventscheduler)
2024-06-10 12:02:40.359 [pool-3-thread-1] INFO  com.rs.mv.mvvs.client.catalog.from.scan.CurrentPathScanner - [client:400205]scan file in current open file directory(D:/xampp/htdocs/csseventscheduler)
2024-06-10 12:03:14.214 [pool-3-thread-1] INFO  com.rs.mv.mvvs.client.catalog.from.scan.CurrentPathScanner - [client:400205]scan file in current open file directory(D:/xampp/htdocs/csseventscheduler)
2024-06-10 12:03:57.084 [pool-3-thread-1] INFO  com.rs.mv.mvvs.client.catalog.from.scan.CurrentPathScanner - [client:400205]scan file in current open file directory(D:/xampp/htdocs/csseventscheduler)
2024-06-10 12:14:29.890 [pool-3-thread-1] INFO  com.rs.mv.mvvs.client.catalog.from.scan.CurrentPathScanner - [client:400205]scan file in current open file directory(D:/xampp/htdocs/csseventscheduler)
2024-06-10 12:15:54.915 [pool-3-thread-1] INFO  com.rs.mv.mvvs.client.catalog.from.scan.CurrentPathScanner - [client:400205]scan file in current open file directory(D:/xampp/htdocs/csseventscheduler)
2024-06-10 12:16:16.343 [pool-3-thread-1] INFO  com.rs.mv.mvvs.client.catalog.from.scan.CurrentPathScanner - [client:400205]scan file in current open file directory(D:/xampp/htdocs/csseventscheduler)
2024-06-10 12:18:36.157 [pool-3-thread-1] INFO  com.rs.mv.mvvs.client.catalog.from.scan.CurrentPathScanner - [client:400205]scan file in current open file directory(D:/xampp/htdocs/csseventscheduler)
2024-06-10 12:18:36.715 [pool-3-thread-1] INFO  com.rs.mv.mvvs.client.catalog.from.scan.CurrentPathScanner - [client:400205]scan file in current open file directory(D:/xampp/htdocs/csseventscheduler)
2024-06-10 12:18:42.392 [pool-3-thread-1] INFO  com.rs.mv.mvvs.client.catalog.from.scan.CurrentPathScanner - [client:400205]scan file in current open file directory(D:/xampp/htdocs/csseventscheduler)
2024-06-10 12:18:42.803 [pool-3-thread-1] INFO  com.rs.mv.mvvs.client.catalog.from.scan.CurrentPathScanner - [client:400205]scan file in current open file directory(D:/xampp/htdocs/csseventscheduler)
2024-06-10 12:19:17.600 [pool-3-thread-1] INFO  com.rs.mv.mvvs.client.catalog.from.scan.CurrentPathScanner - [client:400205]scan file in current open file directory(D:/xampp/htdocs/csseventscheduler)
2024-06-10 12:19:46.602 [pool-3-thread-1] INFO  com.rs.mv.mvvs.client.catalog.from.scan.CurrentPathScanner - [client:400205]scan file in current open file directory(D:/xampp/htdocs/csseventscheduler)
2024-06-10 12:19:50.873 [pool-3-thread-1] INFO  com.rs.mv.mvvs.client.catalog.from.scan.CurrentPathScanner - [client:400205]scan file in current open file directory(D:/xampp/htdocs/csseventscheduler)
2024-06-10 12:22:37.180 [pool-3-thread-1] INFO  com.rs.mv.mvvs.client.catalog.from.scan.CurrentPathScanner - [client:400205]scan file in current open file directory(D:/xampp/htdocs/csseventscheduler)
2024-06-10 12:32:38.703 [main] WARN  com.rs.mv.mvvs.Startup - [LSP:100104]ROCKET MV BASIC EXTENSION exited
2024-06-10 13:33:14.565 [main] INFO  com.rs.mv.mvvs.Startup - [LSP:100101]ROCKET MV BASIC EXTENSION to start
2024-06-10 13:33:14.590 [main] INFO  com.rs.mv.mvvs.lsp.server.BasicLanguageServerLauncher - [LSP:100102]start pip server
2024-06-10 13:33:14.692 [main] INFO  com.rs.mv.mvvs.lsp.server.BasicLanguageServerLauncher - [LSP:100103]ROCKET MV BASIC EXTENSION start successful
2024-06-10 13:33:14.761 [pool-3-thread-1] INFO  com.rs.mv.mvvs.instance.workspace.WorkspaceManager - [workspace:200101]load all workspace folders start
2024-06-10 13:33:14.762 [pool-3-thread-1] INFO  com.rs.mv.mvvs.instance.workspace.WorkspaceManager - [workspace:20010201]root uri: file:///d%3A/xampp/htdocs/csseventscheduler
2024-06-10 13:33:14.763 [pool-3-thread-1] INFO  com.rs.mv.mvvs.instance.workspace.handler.FolderHandler - [workspace:200103]workspace contains workspace folder: file:///d%3A/xampp/htdocs/csseventscheduler
2024-06-10 13:33:14.783 [pool-3-thread-1] INFO  com.rs.mv.mvvs.instance.workspace.handler.FolderHandler - [workspace:200104]workspace folder will be cached: file:///d%3A/xampp/htdocs/csseventscheduler
2024-06-10 13:33:14.786 [pool-3-thread-1] INFO  com.rs.mv.mvvs.rmv.config.Config - [framework:30010101]config load start
2024-06-10 13:33:14.786 [pool-3-thread-1] INFO  com.rs.mv.mvvs.rmv.config.Config - [framework:30010102]project config path is : D:/xampp/htdocs/csseventscheduler/.rmv/config
2024-06-10 13:33:14.787 [pool-3-thread-1] INFO  com.rs.mv.mvvs.rmv.config.Config - [framework:30010103]resource config path is : /
2024-06-10 13:33:14.787 [pool-3-thread-1] INFO  com.rs.mv.mvvs.rmv.config.Config - [framework:30010104]user config path is : C:/Users/salag
2024-06-10 13:33:14.815 [pool-3-thread-1] INFO  com.rs.mv.mvvs.rmv.config.Config - [framework:30010105]config load end
2024-06-10 13:33:14.819 [pool-3-thread-1] INFO  com.rs.mv.mvvs.rmv.documentation.BasicDocumentation - [framework:30020101]documentation load start
2024-06-10 13:33:14.821 [pool-3-thread-1] INFO  com.rs.mv.mvvs.rmv.documentation.reader.SystemDocReader - [framework:30020102]system documentation path: /documentation/UNIVERSE/
2024-06-10 13:33:14.824 [pool-3-thread-1] INFO  com.rs.mv.mvvs.rmv.documentation.reader.ProjectDocReader - [framework:30020103]project documentation brief file: D:\xampp\htdocs\csseventscheduler\.rmv\documentation\UNIVERSE\custom.json
2024-06-10 13:33:14.825 [pool-3-thread-1] INFO  com.rs.mv.mvvs.rmv.documentation.reader.UserDocReader - [framework:30020104]user documentation brief file: C:\Users\salag\documentation\UNIVERSE\custom.json
2024-06-10 13:33:14.961 [pool-3-thread-1] INFO  com.rs.mv.mvvs.rmv.documentation.BasicDocumentation - [framework:30020105]documentation load end
2024-06-10 13:33:14.993 [pool-3-thread-1] INFO  com.rs.mv.mvvs.common.convertor.ConvertorManager - [framework:30030101]convertors for folder(D:/xampp/htdocs/csseventscheduler) load start
2024-06-10 13:33:15.009 [pool-3-thread-1] INFO  com.rs.mv.mvvs.common.convertor.ConvertorManager - [framework:30030102]comment convertor load finish
2024-06-10 13:33:15.205 [pool-3-thread-1] INFO  com.rs.mv.mvvs.common.convertor.ConvertorManager - [framework:30030103]keyword convertor load finish
2024-06-10 13:33:15.212 [pool-3-thread-1] INFO  com.rs.mv.mvvs.common.convertor.ConvertorManager - [framework:30030104]operator convertor load finish
2024-06-10 13:33:15.213 [pool-3-thread-1] INFO  com.rs.mv.mvvs.common.convertor.ConvertorManager - [framework:30030105]function name convertor load finish
2024-06-10 13:33:15.214 [pool-3-thread-1] INFO  com.rs.mv.mvvs.common.convertor.ConvertorManager - [framework:30030106]atVariable convertor load finish
2024-06-10 13:33:15.216 [pool-3-thread-1] INFO  com.rs.mv.mvvs.common.convertor.ConvertorManager - [framework:30030107]convertors for folder(D:/xampp/htdocs/csseventscheduler) load end
2024-06-10 13:33:15.222 [pool-3-thread-1] INFO  com.rs.mv.mvvs.rmv.config.CapabilityConfig - [framework:30010301]capabilities file(D:/xampp/htdocs/csseventscheduler/config/capability) doesn't exist or read error, default config will take effect
2024-06-10 13:33:15.223 [pool-3-thread-1] INFO  com.rs.mv.mvvs.instance.workspace.WorkspaceManager - [workspace:200105]load all workspace folders successful
2024-06-10 13:33:15.230 [pool-3-thread-1] INFO  com.rs.mv.mvvs.client.account.AccountManager - [client:40010101]load account manager start
2024-06-10 13:33:15.256 [pool-3-thread-1] INFO  com.rs.mv.mvvs.client.account.handler.CacheAccountHandler - [client:40010102]load cache account: 
2024-06-10 13:33:15.259 [pool-3-thread-1] INFO  com.rs.mv.mvvs.client.account.handler.ExternalAccountHandler - [client:40010103]load external account: 
2024-06-10 13:33:15.291 [pool-3-thread-1] INFO  com.rs.mv.mvvs.client.catalog.manager.U2CatalogManager - [client:400203]cache file auto update thread launch in csseventscheduler account
2024-06-10 13:33:15.311 [pool-3-thread-1] INFO  com.rs.mv.mvvs.client.catalog.from.config.DirsConfigReader - [client:400206]parse dir config information
2024-06-10 13:33:15.320 [pool-3-thread-1] INFO  com.rs.mv.mvvs.client.catalog.from.config.MappingConfigReader - [client:400207]parse mapping config information
2024-06-10 13:33:15.322 [pool-3-thread-1] INFO  com.rs.mv.mvvs.client.catalog.manager.U2CatalogManager - [client:400202]start a schedule task to get global/local catalog for csseventscheduler, its period 5s 
2024-06-10 13:33:15.334 [pool-3-thread-1] INFO  com.rs.mv.mvvs.client.account.handler.ServerAccountHandler - [client:40010104]load server account: Account{name=csseventscheduler, path=D:/xampp/htdocs/csseventscheduler, type=PREDICT}
2024-06-10 13:33:15.335 [pool-3-thread-1] INFO  com.rs.mv.mvvs.client.account.AccountManager - [client:40010105]load account manager finish
2024-06-10 13:33:15.336 [pool-3-thread-1] INFO  com.rs.mv.mvvs.instance.userspace.UserspaceManager - [framework:30010402]config file(C:\Users\salag/.rmv/config) watcher launch successful
2024-06-10 13:33:23.350 [pool-3-thread-1] INFO  com.rs.mv.mvvs.client.catalog.from.scan.CurrentPathScanner - [client:400205]scan file in current open file directory(D:/xampp/htdocs/csseventscheduler)
2024-06-10 13:33:24.501 [pool-3-thread-1] INFO  com.rs.mv.mvvs.client.catalog.from.scan.CurrentPathScanner - [client:400205]scan file in current open file directory(D:/xampp/htdocs/csseventscheduler)
2024-06-10 13:33:27.831 [pool-3-thread-1] INFO  com.rs.mv.mvvs.client.catalog.from.scan.CurrentPathScanner - [client:400205]scan file in current open file directory(D:/xampp/htdocs/csseventscheduler)
2024-06-10 13:33:51.691 [pool-3-thread-1] INFO  com.rs.mv.mvvs.client.catalog.from.scan.CurrentPathScanner - [client:400205]scan file in current open file directory(D:/xampp/htdocs/csseventscheduler)
2024-06-10 13:33:52.210 [pool-3-thread-1] INFO  com.rs.mv.mvvs.client.catalog.from.scan.CurrentPathScanner - [client:400205]scan file in current open file directory(D:/xampp/htdocs/csseventscheduler)
2024-06-10 13:33:52.889 [pool-3-thread-1] INFO  com.rs.mv.mvvs.client.catalog.from.scan.CurrentPathScanner - [client:400205]scan file in current open file directory(D:/xampp/htdocs/csseventscheduler)
2024-06-10 13:33:53.473 [pool-3-thread-1] INFO  com.rs.mv.mvvs.client.catalog.from.scan.CurrentPathScanner - [client:400205]scan file in current open file directory(D:/xampp/htdocs/csseventscheduler)
2024-06-10 13:33:59.189 [pool-3-thread-1] INFO  com.rs.mv.mvvs.client.catalog.from.scan.CurrentPathScanner - [client:400205]scan file in current open file directory(D:/xampp/htdocs/csseventscheduler)
2024-06-10 13:34:00.039 [pool-3-thread-1] INFO  com.rs.mv.mvvs.client.catalog.from.scan.CurrentPathScanner - [client:400205]scan file in current open file directory(D:/xampp/htdocs/csseventscheduler)
2024-06-10 13:34:00.631 [pool-3-thread-1] INFO  com.rs.mv.mvvs.client.catalog.from.scan.CurrentPathScanner - [client:400205]scan file in current open file directory(D:/xampp/htdocs/csseventscheduler)
2024-06-10 13:34:01.128 [pool-3-thread-1] INFO  com.rs.mv.mvvs.client.catalog.from.scan.CurrentPathScanner - [client:400205]scan file in current open file directory(D:/xampp/htdocs/csseventscheduler)
2024-06-10 13:34:01.806 [pool-3-thread-1] INFO  com.rs.mv.mvvs.client.catalog.from.scan.CurrentPathScanner - [client:400205]scan file in current open file directory(D:/xampp/htdocs/csseventscheduler)
2024-06-10 13:34:03.072 [pool-3-thread-1] INFO  com.rs.mv.mvvs.client.catalog.from.scan.CurrentPathScanner - [client:400205]scan file in current open file directory(D:/xampp/htdocs/csseventscheduler)
2024-06-10 13:34:15.600 [pool-3-thread-1] INFO  com.rs.mv.mvvs.client.catalog.from.scan.CurrentPathScanner - [client:400205]scan file in current open file directory(D:/xampp/htdocs/csseventscheduler)
2024-06-10 13:34:17.167 [pool-3-thread-1] INFO  com.rs.mv.mvvs.client.catalog.from.scan.CurrentPathScanner - [client:400205]scan file in current open file directory(D:/xampp/htdocs/csseventscheduler)
